password
123456
12345678
qwerty
abc123
monkey
1234567
letmein
trustno1
dragon
baseball
111111
iloveyou
master
sunshine
ashley
bailey
passw0rd
shadow
123123
654321
superman
qazwsx
michael
Football
welcome
football
jesus
ninja
mustang
password1
123456789
adobe123note
admin
1234567890
photoshopnote
1234
12345
princess
azerty
access
696969
batman
1qaz2wsx
login
qwertyuiop
solo
starwars
121212
flower
hottie
loveme
zaq1zaq1
hello
freedom
whatever
666666
charlie
aa123456
donald
qwerty123
password
1q2w3e4r
555555
lovely
7777777
888888
123qwe